

================================================================
== Vivado HLS Report for 'doImgProc'
================================================================
* Date:           Thu Apr 11 00:03:26 2019

* Version:        2018.3 (Build 2405991 on Thu Dec 06 23:56:15 MST 2018)
* Project:        Lab_10_Conv2d
* Solution:       solution2
* Product family: zynq
* Target device:  xc7z020clg400-1


================================================================
== Performance Estimates
================================================================
+ Timing (ns): 
    * Summary: 
    +--------+-------+----------+------------+
    |  Clock | Target| Estimated| Uncertainty|
    +--------+-------+----------+------------+
    |ap_clk  |  10.00|     8.217|        1.25|
    +--------+-------+----------+------------+

+ Latency (clock cycles): 
    * Summary: 
    +--------+--------+--------+--------+---------+
    |     Latency     |     Interval    | Pipeline|
    |   min  |   max  |   min  |   max  |   Type  |
    +--------+--------+--------+--------+---------+
    |  691690|  691690|  691690|  691690|   none  |
    +--------+--------+--------+--------+---------+

    + Detail: 
        * Instance: 
        N/A

        * Loop: 
        +----------+--------+--------+----------+-----------+-----------+-------+----------+
        |          |     Latency     | Iteration|  Initiation Interval  |  Trip |          |
        | Loop Name|   min  |   max  |  Latency |  achieved |   target  | Count | Pipelined|
        +----------+--------+--------+----------+-----------+-----------+-------+----------+
        |- Loop 1  |  691205|  691205|        15|          9|          1|  76800|    yes   |
        |- Loop 2  |     482|     482|         2|          -|          -|    241|    no    |
        +----------+--------+--------+----------+-----------+-----------+-------+----------+



================================================================
== Utilization Estimates
================================================================
* Summary: 
+-----------------+---------+-------+--------+-------+
|       Name      | BRAM_18K| DSP48E|   FF   |  LUT  |
+-----------------+---------+-------+--------+-------+
|DSP              |        -|      -|       -|      -|
|Expression       |        -|      0|       0|   1672|
|FIFO             |        -|      -|       -|      -|
|Instance         |        2|      -|     184|    214|
|Memory           |        3|      -|       0|      0|
|Multiplexer      |        -|      -|       -|    733|
|Register         |        -|      -|     960|      -|
+-----------------+---------+-------+--------+-------+
|Total            |        5|      0|    1144|   2619|
+-----------------+---------+-------+--------+-------+
|Available        |      280|    220|  106400|  53200|
+-----------------+---------+-------+--------+-------+
|Utilization (%)  |        1|      0|       1|      4|
+-----------------+---------+-------+--------+-------+

+ Detail: 
    * Instance: 
    +------------------------------+----------------------------+---------+-------+-----+-----+
    |           Instance           |           Module           | BRAM_18K| DSP48E|  FF | LUT |
    +------------------------------+----------------------------+---------+-------+-----+-----+
    |doImgProc_CRTL_BUS_s_axi_U    |doImgProc_CRTL_BUS_s_axi    |        0|      0|   74|  104|
    |doImgProc_KERNEL_BUS_s_axi_U  |doImgProc_KERNEL_BUS_s_axi  |        2|      0|  110|  110|
    +------------------------------+----------------------------+---------+-------+-----+-----+
    |Total                         |                            |        2|      0|  184|  214|
    +------------------------------+----------------------------+---------+-------+-----+-----+

    * DSP48: 
    N/A

    * Memory: 
    +------------------+--------------------------+---------+---+----+------+-----+------+-------------+
    |      Memory      |          Module          | BRAM_18K| FF| LUT| Words| Bits| Banks| W*Bits*Banks|
    +------------------+--------------------------+---------+---+----+------+-----+------+-------------+
    |lineBuff_val_0_U  |doImgProc_lineBuff_val_0  |        1|  0|   0|   240|    8|     1|         1920|
    |lineBuff_val_1_U  |doImgProc_lineBuff_val_0  |        1|  0|   0|   240|    8|     1|         1920|
    |lineBuff_val_2_U  |doImgProc_lineBuff_val_0  |        1|  0|   0|   240|    8|     1|         1920|
    +------------------+--------------------------+---------+---+----+------+-----+------+-------------+
    |Total             |                          |        3|  0|   0|   720|   24|     3|         5760|
    +------------------+--------------------------+---------+---+----+------+-----+------+-------------+

    * FIFO: 
    N/A

    * Expression: 
    +-------------------------------------+----------+-------+---+----+------------+------------+
    |            Variable Name            | Operation| DSP48E| FF| LUT| Bitwidth P0| Bitwidth P1|
    +-------------------------------------+----------+-------+---+----+------------+------------+
    |window_val_0_0_fu_636_p2             |     *    |      0|  0|  41|           8|           8|
    |window_val_0_1_fu_667_p2             |     *    |      0|  0|  41|           8|           8|
    |window_val_0_2_fu_747_p2             |     *    |      0|  0|  41|           8|           8|
    |window_val_1_0_fu_812_p2             |     *    |      0|  0|  41|           8|           8|
    |window_val_1_1_fu_853_p2             |     *    |      0|  0|  41|           8|           8|
    |window_val_1_2_fu_894_p2             |     *    |      0|  0|  41|           8|           8|
    |window_val_2_0_fu_961_p2             |     *    |      0|  0|  41|           8|           8|
    |window_val_2_1_fu_1002_p2            |     *    |      0|  0|  41|           8|           8|
    |window_val_2_2_fu_1075_p2            |     *    |      0|  0|  41|           8|           8|
    |col_assign_1_0_2_fu_642_p2           |     +    |      0|  0|  39|           2|          32|
    |countWait_2_fu_1258_p2               |     +    |      0|  0|  15|           8|           1|
    |idxCol_fu_934_p2                     |     +    |      0|  0|  39|           1|          32|
    |idxRow_2_fu_1189_p2                  |     +    |      0|  0|  39|           1|          32|
    |phitmp_fu_948_p2                     |     +    |      0|  0|  24|          17|           1|
    |pixConvolved_3_fu_615_p2             |     +    |      0|  0|  39|           1|          32|
    |tmp1_fu_1008_p2                      |     +    |      0|  0|  23|          16|          16|
    |tmp2_fu_1081_p2                      |     +    |      0|  0|  16|          16|          16|
    |tmp3_fu_1085_p2                      |     +    |      0|  0|  16|          16|          16|
    |tmp4_fu_711_p2                       |     +    |      0|  0|  23|          16|          16|
    |tmp5_fu_1090_p2                      |     +    |      0|  0|  16|          16|          16|
    |tmp6_fu_1095_p2                      |     +    |      0|  0|  16|          16|          16|
    |tmp7_fu_1142_p2                      |     +    |      0|  0|  16|          16|          16|
    |valOutput_fu_1146_p2                 |     +    |      0|  0|  16|          16|          16|
    |p_neg_fu_1163_p2                     |     -    |      0|  0|  24|           1|          17|
    |tmp_9_fu_1208_p2                     |     -    |      0|  0|  21|           1|          15|
    |ap_block_pp0_stage1_11001            |    and   |      0|  0|   2|           1|           1|
    |ap_block_pp0_stage4_11001            |    and   |      0|  0|   2|           1|           1|
    |ap_block_pp0_stage5_11001            |    and   |      0|  0|   2|           1|           1|
    |ap_block_state15_io                  |    and   |      0|  0|   2|           1|           1|
    |ap_block_state18_io                  |    and   |      0|  0|   2|           1|           1|
    |ap_block_state3_pp0_stage1_iter0     |    and   |      0|  0|   2|           1|           1|
    |inStream_V_data_V_0_load_A           |    and   |      0|  0|   2|           1|           1|
    |inStream_V_data_V_0_load_B           |    and   |      0|  0|   2|           1|           1|
    |inStream_V_dest_V_0_load_A           |    and   |      0|  0|   2|           1|           1|
    |inStream_V_dest_V_0_load_B           |    and   |      0|  0|   2|           1|           1|
    |inStream_V_id_V_0_load_A             |    and   |      0|  0|   2|           1|           1|
    |inStream_V_id_V_0_load_B             |    and   |      0|  0|   2|           1|           1|
    |inStream_V_keep_V_0_load_A           |    and   |      0|  0|   2|           1|           1|
    |inStream_V_keep_V_0_load_B           |    and   |      0|  0|   2|           1|           1|
    |inStream_V_strb_V_0_load_A           |    and   |      0|  0|   2|           1|           1|
    |inStream_V_strb_V_0_load_B           |    and   |      0|  0|   2|           1|           1|
    |inStream_V_user_V_0_load_A           |    and   |      0|  0|   2|           1|           1|
    |inStream_V_user_V_0_load_B           |    and   |      0|  0|   2|           1|           1|
    |or_cond_fu_705_p2                    |    and   |      0|  0|   2|           1|           1|
    |outStream_V_data_V_1_load_A          |    and   |      0|  0|   2|           1|           1|
    |outStream_V_data_V_1_load_B          |    and   |      0|  0|   2|           1|           1|
    |outStream_V_dest_V_1_load_A          |    and   |      0|  0|   2|           1|           1|
    |outStream_V_dest_V_1_load_B          |    and   |      0|  0|   2|           1|           1|
    |outStream_V_id_V_1_load_A            |    and   |      0|  0|   2|           1|           1|
    |outStream_V_id_V_1_load_B            |    and   |      0|  0|   2|           1|           1|
    |outStream_V_keep_V_1_load_A          |    and   |      0|  0|   2|           1|           1|
    |outStream_V_keep_V_1_load_B          |    and   |      0|  0|   2|           1|           1|
    |outStream_V_last_V_1_load_A          |    and   |      0|  0|   2|           1|           1|
    |outStream_V_last_V_1_load_B          |    and   |      0|  0|   2|           1|           1|
    |outStream_V_strb_V_1_load_A          |    and   |      0|  0|   2|           1|           1|
    |outStream_V_strb_V_1_load_B          |    and   |      0|  0|   2|           1|           1|
    |outStream_V_user_V_1_load_A          |    and   |      0|  0|   2|           1|           1|
    |outStream_V_user_V_1_load_B          |    and   |      0|  0|   2|           1|           1|
    |sel_tmp3_fu_727_p2                   |    and   |      0|  0|   2|           1|           1|
    |sel_tmp6_fu_1041_p2                  |    and   |      0|  0|   2|           1|           1|
    |sel_tmp9_fu_1051_p2                  |    and   |      0|  0|   2|           1|           1|
    |exitcond1_fu_565_p2                  |   icmp   |      0|  0|  18|          17|          17|
    |exitcond_fu_1252_p2                  |   icmp   |      0|  0|  11|           8|           5|
    |icmp4_fu_699_p2                      |   icmp   |      0|  0|  18|          31|           1|
    |icmp_fu_683_p2                       |   icmp   |      0|  0|  18|          31|           1|
    |inStream_V_data_V_0_state_cmp_full   |   icmp   |      0|  0|   8|           2|           1|
    |inStream_V_dest_V_0_state_cmp_full   |   icmp   |      0|  0|   8|           2|           1|
    |inStream_V_id_V_0_state_cmp_full     |   icmp   |      0|  0|   8|           2|           1|
    |inStream_V_keep_V_0_state_cmp_full   |   icmp   |      0|  0|   8|           2|           1|
    |inStream_V_strb_V_0_state_cmp_full   |   icmp   |      0|  0|   8|           2|           1|
    |inStream_V_user_V_0_state_cmp_full   |   icmp   |      0|  0|   8|           2|           1|
    |outStream_V_data_V_1_state_cmp_full  |   icmp   |      0|  0|   8|           2|           1|
    |outStream_V_dest_V_1_state_cmp_full  |   icmp   |      0|  0|   8|           2|           1|
    |outStream_V_id_V_1_state_cmp_full    |   icmp   |      0|  0|   8|           2|           1|
    |outStream_V_keep_V_1_state_cmp_full  |   icmp   |      0|  0|   8|           2|           1|
    |outStream_V_last_V_1_state_cmp_full  |   icmp   |      0|  0|   8|           2|           1|
    |outStream_V_strb_V_1_state_cmp_full  |   icmp   |      0|  0|   8|           2|           1|
    |outStream_V_user_V_1_state_cmp_full  |   icmp   |      0|  0|   8|           2|           1|
    |sel_tmp2_fu_547_p2                   |   icmp   |      0|  0|  18|          32|           2|
    |sel_tmp5_fu_553_p2                   |   icmp   |      0|  0|  18|          32|           1|
    |sel_tmp8_fu_559_p2                   |   icmp   |      0|  0|  18|          32|           1|
    |tmp_11_0_1_i_fu_781_p2               |   icmp   |      0|  0|  11|           8|           8|
    |tmp_11_0_2_i_fu_791_p2               |   icmp   |      0|  0|  11|           8|           8|
    |tmp_11_1_1_i_fu_875_p2               |   icmp   |      0|  0|  11|           8|           8|
    |tmp_11_1_2_i_fu_916_p2               |   icmp   |      0|  0|  11|           8|           8|
    |tmp_11_1_i_fu_834_p2                 |   icmp   |      0|  0|  11|           8|           8|
    |tmp_11_2_1_i_fu_1029_p2              |   icmp   |      0|  0|  11|           8|           8|
    |tmp_11_2_2_i_fu_1116_p2              |   icmp   |      0|  0|  11|           8|           8|
    |tmp_11_2_i_fu_983_p2                 |   icmp   |      0|  0|  11|           8|           8|
    |tmp_11_fu_928_p2                     |   icmp   |      0|  0|  18|          32|           8|
    |tmp_12_fu_577_p2                     |   icmp   |      0|  0|  18|          17|           8|
    |tmp_5_0_1_i_fu_753_p2                |   icmp   |      0|  0|  11|           8|           8|
    |tmp_5_0_2_i_fu_767_p2                |   icmp   |      0|  0|  11|           8|           8|
    |tmp_5_1_1_i_fu_863_p2                |   icmp   |      0|  0|  11|           8|           8|
    |tmp_5_1_2_i_fu_904_p2                |   icmp   |      0|  0|  11|           8|           8|
    |tmp_5_1_i_fu_822_p2                  |   icmp   |      0|  0|  11|           8|           8|
    |tmp_5_2_1_i_fu_1017_p2               |   icmp   |      0|  0|  11|           8|           8|
    |tmp_5_2_2_i_fu_1104_p2               |   icmp   |      0|  0|  11|           8|           8|
    |tmp_5_2_i_fu_971_p2                  |   icmp   |      0|  0|  11|           8|           8|
    |tmp_last_V_fu_1264_p2                |   icmp   |      0|  0|  11|           8|           6|
    |ap_block_state18                     |    or    |      0|  0|   2|           1|           1|
    |dataOutSideChannel_d_1_fu_1245_p3    |  select  |      0|  0|   8|           1|           8|
    |idxCol_1_fu_940_p3                   |  select  |      0|  0|  32|           1|          32|
    |idxRow_1_fu_1195_p3                  |  select  |      0|  0|  32|           1|          32|
    |p_s_fu_1237_p3                       |  select  |      0|  0|   8|           1|           1|
    |pixConvolved_1_fu_1055_p3            |  select  |      0|  0|  32|           1|          32|
    |pixConvolved_2_fu_1062_p3            |  select  |      0|  0|  32|           1|          32|
    |sel_tmp10_fu_1135_p3                 |  select  |      0|  0|   8|           1|           8|
    |sel_tmp1_fu_720_p3                   |  select  |      0|  0|  32|           1|          32|
    |sel_tmp4_fu_732_p3                   |  select  |      0|  0|  32|           1|          32|
    |sel_tmp7_fu_1045_p3                  |  select  |      0|  0|  32|           1|          32|
    |sel_tmp_fu_1128_p3                   |  select  |      0|  0|   8|           1|           8|
    |valInWindow_0_maxVal_1_fu_797_p3     |  select  |      0|  0|   8|           1|           8|
    |valInWindow_0_maxVal_2_fu_839_p3     |  select  |      0|  0|   8|           1|           8|
    |valInWindow_0_maxVal_3_fu_880_p3     |  select  |      0|  0|   8|           1|           8|
    |valInWindow_0_maxVal_4_fu_921_p3     |  select  |      0|  0|   8|           1|           8|
    |valInWindow_0_maxVal_5_fu_988_p3     |  select  |      0|  0|   8|           1|           8|
    |valInWindow_0_maxVal_6_fu_1034_p3    |  select  |      0|  0|   8|           1|           8|
    |valInWindow_0_maxVal_7_fu_1121_p3    |  select  |      0|  0|   8|           1|           8|
    |valInWindow_0_maxVal_fu_785_p3       |  select  |      0|  0|   8|           1|           8|
    |valInWindow_0_minVal_1_fu_773_p3     |  select  |      0|  0|   8|           1|           8|
    |valInWindow_0_minVal_2_fu_827_p3     |  select  |      0|  0|   8|           1|           8|
    |valInWindow_0_minVal_3_fu_868_p3     |  select  |      0|  0|   8|           1|           8|
    |valInWindow_0_minVal_4_fu_909_p3     |  select  |      0|  0|   8|           1|           8|
    |valInWindow_0_minVal_5_fu_976_p3     |  select  |      0|  0|   8|           1|           8|
    |valInWindow_0_minVal_6_fu_1022_p3    |  select  |      0|  0|   8|           1|           8|
    |valInWindow_0_minVal_7_fu_1109_p3    |  select  |      0|  0|   8|           1|           8|
    |valInWindow_0_minVal_fu_757_p3       |  select  |      0|  0|   8|           1|           8|
    |valOutput_1_fu_1218_p3               |  select  |      0|  0|  15|           1|          15|
    |ap_enable_pp0                        |    xor   |      0|  0|   2|           1|           2|
    +-------------------------------------+----------+-------+---+----+------------+------------+
    |Total                                |          |      0|  0|1672|         692|         984|
    +-------------------------------------+----------+-------+---+----+------------+------------+

    * Multiplexer: 
    +---------------------------------------+----+-----------+-----+-----------+
    |                  Name                 | LUT| Input Size| Bits| Total Bits|
    +---------------------------------------+----+-----------+-----+-----------+
    |ap_NS_fsm                              |  59|         14|    1|         14|
    |ap_enable_reg_pp0_iter1                |   9|          2|    1|          2|
    |ap_phi_mux_col_assign_phi_fu_480_p4    |   9|          2|   32|         64|
    |ap_phi_mux_countWait_phi_fu_516_p4     |   9|          2|   17|         34|
    |ap_phi_mux_idxRow_phi_fu_492_p4        |   9|          2|   32|         64|
    |ap_phi_mux_pixConvolved_phi_fu_504_p4  |   9|          2|   32|         64|
    |col_assign_reg_476                     |   9|          2|   32|         64|
    |countWait_1_reg_524                    |   9|          2|    8|         16|
    |countWait_reg_512                      |   9|          2|   17|         34|
    |idxRow_reg_488                         |   9|          2|   32|         64|
    |inStream_TDATA_blk_n                   |   9|          2|    1|          2|
    |inStream_V_data_V_0_data_out           |   9|          2|    8|         16|
    |inStream_V_data_V_0_state              |  15|          3|    2|          6|
    |inStream_V_dest_V_0_data_out           |   9|          2|    6|         12|
    |inStream_V_dest_V_0_state              |  15|          3|    2|          6|
    |inStream_V_id_V_0_data_out             |   9|          2|    5|         10|
    |inStream_V_id_V_0_state                |  15|          3|    2|          6|
    |inStream_V_keep_V_0_data_out           |   9|          2|    1|          2|
    |inStream_V_keep_V_0_state              |  15|          3|    2|          6|
    |inStream_V_strb_V_0_data_out           |   9|          2|    1|          2|
    |inStream_V_strb_V_0_state              |  15|          3|    2|          6|
    |inStream_V_user_V_0_data_out           |   9|          2|    2|          4|
    |inStream_V_user_V_0_state              |  15|          3|    2|          6|
    |kernel_address0                        |  47|         10|    4|         40|
    |lineBuff_val_0_address0                |  15|          3|    8|         24|
    |lineBuff_val_0_address1                |  15|          3|    8|         24|
    |lineBuff_val_1_address0                |  21|          4|    8|         32|
    |lineBuff_val_1_address1                |  15|          3|    8|         24|
    |lineBuff_val_2_address0                |  21|          4|    8|         32|
    |lineBuff_val_2_address1                |  15|          3|    8|         24|
    |outStream_TDATA_blk_n                  |   9|          2|    1|          2|
    |outStream_V_data_V_1_data_in           |  15|          3|    8|         24|
    |outStream_V_data_V_1_data_out          |   9|          2|    8|         16|
    |outStream_V_data_V_1_state             |  15|          3|    2|          6|
    |outStream_V_dest_V_1_data_in           |  15|          3|    6|         18|
    |outStream_V_dest_V_1_data_out          |   9|          2|    6|         12|
    |outStream_V_dest_V_1_state             |  15|          3|    2|          6|
    |outStream_V_id_V_1_data_in             |  15|          3|    5|         15|
    |outStream_V_id_V_1_data_out            |   9|          2|    5|         10|
    |outStream_V_id_V_1_state               |  15|          3|    2|          6|
    |outStream_V_keep_V_1_data_in           |  15|          3|    1|          3|
    |outStream_V_keep_V_1_data_out          |   9|          2|    1|          2|
    |outStream_V_keep_V_1_state             |  15|          3|    2|          6|
    |outStream_V_last_V_1_data_in           |  15|          3|    1|          3|
    |outStream_V_last_V_1_data_out          |   9|          2|    1|          2|
    |outStream_V_last_V_1_state             |  15|          3|    2|          6|
    |outStream_V_strb_V_1_data_in           |  15|          3|    1|          3|
    |outStream_V_strb_V_1_data_out          |   9|          2|    1|          2|
    |outStream_V_strb_V_1_state             |  15|          3|    2|          6|
    |outStream_V_user_V_1_data_in           |  15|          3|    2|          6|
    |outStream_V_user_V_1_data_out          |   9|          2|    2|          4|
    |outStream_V_user_V_1_state             |  15|          3|    2|          6|
    |pixConvolved_reg_500                   |   9|          2|   32|         64|
    +---------------------------------------+----+-----------+-----+-----------+
    |Total                                  | 733|        154|  387|        932|
    +---------------------------------------+----+-----------+-----+-----------+

    * Register: 
    +-----------------------------------+----+----+-----+-----------+
    |                Name               | FF | LUT| Bits| Const Bits|
    +-----------------------------------+----+----+-----+-----------+
    |ap_CS_fsm                          |  13|   0|   13|          0|
    |ap_enable_reg_pp0_iter0            |   1|   0|    1|          0|
    |ap_enable_reg_pp0_iter1            |   1|   0|    1|          0|
    |col_assign_reg_476                 |  32|   0|   32|          0|
    |countWait_1_reg_524                |   8|   0|    8|          0|
    |countWait_2_reg_1690               |   8|   0|    8|          0|
    |countWait_reg_512                  |  17|   0|   17|          0|
    |dataOutSideChannel_d_reg_463       |   6|   0|    6|          0|
    |dataOutSideChannel_i_reg_411       |   5|   0|    5|          0|
    |dataOutSideChannel_k_reg_450       |   1|   0|    1|          0|
    |dataOutSideChannel_s_reg_437       |   1|   0|    1|          0|
    |dataOutSideChannel_u_reg_424       |   2|   0|    2|          0|
    |exitcond1_reg_1331                 |   1|   0|    1|          0|
    |exitcond1_reg_1331_pp0_iter1_reg   |   1|   0|    1|          0|
    |idxCol_1_reg_1583                  |  32|   0|   32|          0|
    |idxRow_1_reg_1677                  |  32|   0|   32|          0|
    |idxRow_reg_488                     |  32|   0|   32|          0|
    |inStream_V_data_V_0_payload_A      |   8|   0|    8|          0|
    |inStream_V_data_V_0_payload_B      |   8|   0|    8|          0|
    |inStream_V_data_V_0_sel_rd         |   1|   0|    1|          0|
    |inStream_V_data_V_0_sel_wr         |   1|   0|    1|          0|
    |inStream_V_data_V_0_state          |   2|   0|    2|          0|
    |inStream_V_dest_V_0_payload_A      |   6|   0|    6|          0|
    |inStream_V_dest_V_0_payload_B      |   6|   0|    6|          0|
    |inStream_V_dest_V_0_sel_rd         |   1|   0|    1|          0|
    |inStream_V_dest_V_0_sel_wr         |   1|   0|    1|          0|
    |inStream_V_dest_V_0_state          |   2|   0|    2|          0|
    |inStream_V_id_V_0_payload_A        |   5|   0|    5|          0|
    |inStream_V_id_V_0_payload_B        |   5|   0|    5|          0|
    |inStream_V_id_V_0_sel_rd           |   1|   0|    1|          0|
    |inStream_V_id_V_0_sel_wr           |   1|   0|    1|          0|
    |inStream_V_id_V_0_state            |   2|   0|    2|          0|
    |inStream_V_keep_V_0_payload_A      |   1|   0|    1|          0|
    |inStream_V_keep_V_0_payload_B      |   1|   0|    1|          0|
    |inStream_V_keep_V_0_sel_rd         |   1|   0|    1|          0|
    |inStream_V_keep_V_0_sel_wr         |   1|   0|    1|          0|
    |inStream_V_keep_V_0_state          |   2|   0|    2|          0|
    |inStream_V_strb_V_0_payload_A      |   1|   0|    1|          0|
    |inStream_V_strb_V_0_payload_B      |   1|   0|    1|          0|
    |inStream_V_strb_V_0_sel_rd         |   1|   0|    1|          0|
    |inStream_V_strb_V_0_sel_wr         |   1|   0|    1|          0|
    |inStream_V_strb_V_0_state          |   2|   0|    2|          0|
    |inStream_V_user_V_0_payload_A      |   2|   0|    2|          0|
    |inStream_V_user_V_0_payload_B      |   2|   0|    2|          0|
    |inStream_V_user_V_0_sel_rd         |   1|   0|    1|          0|
    |inStream_V_user_V_0_sel_wr         |   1|   0|    1|          0|
    |inStream_V_user_V_0_state          |   2|   0|    2|          0|
    |kernel_load_8_reg_1598             |   8|   0|    8|          0|
    |lineBuff_val_1_addr_reg_1340       |   8|   0|    8|          0|
    |lineBuff_val_1_load_1_reg_1432     |   8|   0|    8|          0|
    |lineBuff_val_1_load_2_reg_1437     |   8|   0|    8|          0|
    |lineBuff_val_1_load_3_reg_1470     |   8|   0|    8|          0|
    |lineBuff_val_2_addr_reg_1345       |   8|   0|    8|          0|
    |lineBuff_val_2_load_1_reg_1447     |   8|   0|    8|          0|
    |lineBuff_val_2_load_2_reg_1452     |   8|   0|    8|          0|
    |lineBuff_val_2_load_3_reg_1475     |   8|   0|    8|          0|
    |or_cond_reg_1480                   |   1|   0|    1|          0|
    |outStream_V_data_V_1_payload_A     |   8|   0|    8|          0|
    |outStream_V_data_V_1_payload_B     |   8|   0|    8|          0|
    |outStream_V_data_V_1_sel_rd        |   1|   0|    1|          0|
    |outStream_V_data_V_1_sel_wr        |   1|   0|    1|          0|
    |outStream_V_data_V_1_state         |   2|   0|    2|          0|
    |outStream_V_dest_V_1_payload_A     |   6|   0|    6|          0|
    |outStream_V_dest_V_1_payload_B     |   6|   0|    6|          0|
    |outStream_V_dest_V_1_sel_rd        |   1|   0|    1|          0|
    |outStream_V_dest_V_1_sel_wr        |   1|   0|    1|          0|
    |outStream_V_dest_V_1_state         |   2|   0|    2|          0|
    |outStream_V_id_V_1_payload_A       |   5|   0|    5|          0|
    |outStream_V_id_V_1_payload_B       |   5|   0|    5|          0|
    |outStream_V_id_V_1_sel_rd          |   1|   0|    1|          0|
    |outStream_V_id_V_1_sel_wr          |   1|   0|    1|          0|
    |outStream_V_id_V_1_state           |   2|   0|    2|          0|
    |outStream_V_keep_V_1_payload_A     |   1|   0|    1|          0|
    |outStream_V_keep_V_1_payload_B     |   1|   0|    1|          0|
    |outStream_V_keep_V_1_sel_rd        |   1|   0|    1|          0|
    |outStream_V_keep_V_1_sel_wr        |   1|   0|    1|          0|
    |outStream_V_keep_V_1_state         |   2|   0|    2|          0|
    |outStream_V_last_V_1_payload_A     |   1|   0|    1|          0|
    |outStream_V_last_V_1_payload_B     |   1|   0|    1|          0|
    |outStream_V_last_V_1_sel_rd        |   1|   0|    1|          0|
    |outStream_V_last_V_1_sel_wr        |   1|   0|    1|          0|
    |outStream_V_last_V_1_state         |   2|   0|    2|          0|
    |outStream_V_strb_V_1_payload_A     |   1|   0|    1|          0|
    |outStream_V_strb_V_1_payload_B     |   1|   0|    1|          0|
    |outStream_V_strb_V_1_sel_rd        |   1|   0|    1|          0|
    |outStream_V_strb_V_1_sel_wr        |   1|   0|    1|          0|
    |outStream_V_strb_V_1_state         |   2|   0|    2|          0|
    |outStream_V_user_V_1_payload_A     |   2|   0|    2|          0|
    |outStream_V_user_V_1_payload_B     |   2|   0|    2|          0|
    |outStream_V_user_V_1_sel_rd        |   1|   0|    1|          0|
    |outStream_V_user_V_1_sel_wr        |   1|   0|    1|          0|
    |outStream_V_user_V_1_state         |   2|   0|    2|          0|
    |phitmp_reg_1588                    |  17|   0|   17|          0|
    |pixConvolved_2_reg_1642            |  32|   0|   32|          0|
    |pixConvolved_3_reg_1389            |  32|   0|   32|          0|
    |pixConvolved_reg_500               |  32|   0|   32|          0|
    |reg_535                            |   8|   0|    8|          0|
    |reg_539                            |   8|   0|    8|          0|
    |reg_543                            |   8|   0|    8|          0|
    |sel_tmp10_reg_1657                 |   8|   0|    8|          0|
    |sel_tmp2_reg_1316                  |   1|   0|    1|          0|
    |sel_tmp3_reg_1499                  |   1|   0|    1|          0|
    |sel_tmp4_reg_1504                  |  32|   0|   32|          0|
    |sel_tmp5_reg_1321                  |   1|   0|    1|          0|
    |sel_tmp6_reg_1632                  |   1|   0|    1|          0|
    |sel_tmp8_reg_1326                  |   1|   0|    1|          0|
    |sel_tmp9_reg_1637                  |   1|   0|    1|          0|
    |tmp1_reg_1615                      |  16|   0|   16|          0|
    |tmp3_reg_1647                      |  16|   0|   16|          0|
    |tmp4_reg_1486                      |  16|   0|   16|          0|
    |tmp6_reg_1652                      |  16|   0|   16|          0|
    |tmp_11_reg_1577                    |   1|   0|    1|          0|
    |tmp_12_reg_1350                    |   1|   0|    1|          0|
    |tmp_12_reg_1350_pp0_iter1_reg      |   1|   0|    1|          0|
    |tmp_14_reg_1462                    |   8|   0|    8|          0|
    |tmp_15_reg_1491                    |   8|   0|    8|          0|
    |tmp_4_reg_1662                     |   1|   0|    1|          0|
    |tmp_6_reg_1667                     |  14|   0|   14|          0|
    |tmp_7_reg_1672                     |  13|   0|   13|          0|
    |tmp_dest_V_reg_1378                |   6|   0|    6|          0|
    |tmp_dest_V_reg_1378_pp0_iter1_reg  |   6|   0|    6|          0|
    |tmp_id_V_reg_1372                  |   5|   0|    5|          0|
    |tmp_id_V_reg_1372_pp0_iter1_reg    |   5|   0|    5|          0|
    |tmp_keep_V_reg_1354                |   1|   0|    1|          0|
    |tmp_keep_V_reg_1354_pp0_iter1_reg  |   1|   0|    1|          0|
    |tmp_s_reg_1335                     |  32|   0|   64|         32|
    |tmp_strb_V_reg_1360                |   1|   0|    1|          0|
    |tmp_strb_V_reg_1360_pp0_iter1_reg  |   1|   0|    1|          0|
    |tmp_user_V_reg_1366                |   2|   0|    2|          0|
    |tmp_user_V_reg_1366_pp0_iter1_reg  |   2|   0|    2|          0|
    |valInWindow_0_maxVal_1_reg_1520    |   8|   0|    8|          0|
    |valInWindow_0_maxVal_2_reg_1537    |   8|   0|    8|          0|
    |valInWindow_0_maxVal_3_reg_1554    |   8|   0|    8|          0|
    |valInWindow_0_maxVal_4_reg_1571    |   8|   0|    8|          0|
    |valInWindow_0_maxVal_5_reg_1609    |   8|   0|    8|          0|
    |valInWindow_0_maxVal_6_reg_1626    |   8|   0|    8|          0|
    |valInWindow_0_minVal_1_reg_1514    |   8|   0|    8|          0|
    |valInWindow_0_minVal_2_reg_1531    |   8|   0|    8|          0|
    |valInWindow_0_minVal_3_reg_1548    |   8|   0|    8|          0|
    |valInWindow_0_minVal_4_reg_1565    |   8|   0|    8|          0|
    |valInWindow_0_minVal_5_reg_1603    |   8|   0|    8|          0|
    |valInWindow_0_minVal_6_reg_1620    |   8|   0|    8|          0|
    |window_val_0_0_reg_1422            |  16|   0|   16|          0|
    |window_val_0_2_reg_1509            |  16|   0|   16|          0|
    |window_val_1_0_reg_1526            |  16|   0|   16|          0|
    |window_val_1_1_reg_1543            |  16|   0|   16|          0|
    |window_val_1_2_reg_1560            |  16|   0|   16|          0|
    |window_val_2_0_reg_1593            |  16|   0|   16|          0|
    +-----------------------------------+----+----+-----+-----------+
    |Total                              | 960|   0|  992|         32|
    +-----------------------------------+----+----+-----+-----------+



================================================================
== Interface
================================================================
* Summary: 
+--------------------------+-----+-----+------------+--------------------+--------------+
|         RTL Ports        | Dir | Bits|  Protocol  |    Source Object   |    C Type    |
+--------------------------+-----+-----+------------+--------------------+--------------+
|s_axi_CRTL_BUS_AWVALID    |  in |    1|    s_axi   |      CRTL_BUS      |    scalar    |
|s_axi_CRTL_BUS_AWREADY    | out |    1|    s_axi   |      CRTL_BUS      |    scalar    |
|s_axi_CRTL_BUS_AWADDR     |  in |    5|    s_axi   |      CRTL_BUS      |    scalar    |
|s_axi_CRTL_BUS_WVALID     |  in |    1|    s_axi   |      CRTL_BUS      |    scalar    |
|s_axi_CRTL_BUS_WREADY     | out |    1|    s_axi   |      CRTL_BUS      |    scalar    |
|s_axi_CRTL_BUS_WDATA      |  in |   32|    s_axi   |      CRTL_BUS      |    scalar    |
|s_axi_CRTL_BUS_WSTRB      |  in |    4|    s_axi   |      CRTL_BUS      |    scalar    |
|s_axi_CRTL_BUS_ARVALID    |  in |    1|    s_axi   |      CRTL_BUS      |    scalar    |
|s_axi_CRTL_BUS_ARREADY    | out |    1|    s_axi   |      CRTL_BUS      |    scalar    |
|s_axi_CRTL_BUS_ARADDR     |  in |    5|    s_axi   |      CRTL_BUS      |    scalar    |
|s_axi_CRTL_BUS_RVALID     | out |    1|    s_axi   |      CRTL_BUS      |    scalar    |
|s_axi_CRTL_BUS_RREADY     |  in |    1|    s_axi   |      CRTL_BUS      |    scalar    |
|s_axi_CRTL_BUS_RDATA      | out |   32|    s_axi   |      CRTL_BUS      |    scalar    |
|s_axi_CRTL_BUS_RRESP      | out |    2|    s_axi   |      CRTL_BUS      |    scalar    |
|s_axi_CRTL_BUS_BVALID     | out |    1|    s_axi   |      CRTL_BUS      |    scalar    |
|s_axi_CRTL_BUS_BREADY     |  in |    1|    s_axi   |      CRTL_BUS      |    scalar    |
|s_axi_CRTL_BUS_BRESP      | out |    2|    s_axi   |      CRTL_BUS      |    scalar    |
|s_axi_KERNEL_BUS_AWVALID  |  in |    1|    s_axi   |     KERNEL_BUS     |     array    |
|s_axi_KERNEL_BUS_AWREADY  | out |    1|    s_axi   |     KERNEL_BUS     |     array    |
|s_axi_KERNEL_BUS_AWADDR   |  in |    5|    s_axi   |     KERNEL_BUS     |     array    |
|s_axi_KERNEL_BUS_WVALID   |  in |    1|    s_axi   |     KERNEL_BUS     |     array    |
|s_axi_KERNEL_BUS_WREADY   | out |    1|    s_axi   |     KERNEL_BUS     |     array    |
|s_axi_KERNEL_BUS_WDATA    |  in |   32|    s_axi   |     KERNEL_BUS     |     array    |
|s_axi_KERNEL_BUS_WSTRB    |  in |    4|    s_axi   |     KERNEL_BUS     |     array    |
|s_axi_KERNEL_BUS_ARVALID  |  in |    1|    s_axi   |     KERNEL_BUS     |     array    |
|s_axi_KERNEL_BUS_ARREADY  | out |    1|    s_axi   |     KERNEL_BUS     |     array    |
|s_axi_KERNEL_BUS_ARADDR   |  in |    5|    s_axi   |     KERNEL_BUS     |     array    |
|s_axi_KERNEL_BUS_RVALID   | out |    1|    s_axi   |     KERNEL_BUS     |     array    |
|s_axi_KERNEL_BUS_RREADY   |  in |    1|    s_axi   |     KERNEL_BUS     |     array    |
|s_axi_KERNEL_BUS_RDATA    | out |   32|    s_axi   |     KERNEL_BUS     |     array    |
|s_axi_KERNEL_BUS_RRESP    | out |    2|    s_axi   |     KERNEL_BUS     |     array    |
|s_axi_KERNEL_BUS_BVALID   | out |    1|    s_axi   |     KERNEL_BUS     |     array    |
|s_axi_KERNEL_BUS_BREADY   |  in |    1|    s_axi   |     KERNEL_BUS     |     array    |
|s_axi_KERNEL_BUS_BRESP    | out |    2|    s_axi   |     KERNEL_BUS     |     array    |
|ap_clk                    |  in |    1| ap_ctrl_hs |      doImgProc     | return value |
|ap_rst_n                  |  in |    1| ap_ctrl_hs |      doImgProc     | return value |
|interrupt                 | out |    1| ap_ctrl_hs |      doImgProc     | return value |
|inStream_TDATA            |  in |    8|    axis    |  inStream_V_data_V |    pointer   |
|inStream_TVALID           |  in |    1|    axis    |  inStream_V_dest_V |    pointer   |
|inStream_TREADY           | out |    1|    axis    |  inStream_V_dest_V |    pointer   |
|inStream_TDEST            |  in |    6|    axis    |  inStream_V_dest_V |    pointer   |
|inStream_TKEEP            |  in |    1|    axis    |  inStream_V_keep_V |    pointer   |
|inStream_TSTRB            |  in |    1|    axis    |  inStream_V_strb_V |    pointer   |
|inStream_TUSER            |  in |    2|    axis    |  inStream_V_user_V |    pointer   |
|inStream_TLAST            |  in |    1|    axis    |  inStream_V_last_V |    pointer   |
|inStream_TID              |  in |    5|    axis    |   inStream_V_id_V  |    pointer   |
|outStream_TDATA           | out |    8|    axis    | outStream_V_data_V |    pointer   |
|outStream_TREADY          |  in |    1|    axis    | outStream_V_data_V |    pointer   |
|outStream_TVALID          | out |    1|    axis    | outStream_V_dest_V |    pointer   |
|outStream_TDEST           | out |    6|    axis    | outStream_V_dest_V |    pointer   |
|outStream_TKEEP           | out |    1|    axis    | outStream_V_keep_V |    pointer   |
|outStream_TSTRB           | out |    1|    axis    | outStream_V_strb_V |    pointer   |
|outStream_TUSER           | out |    2|    axis    | outStream_V_user_V |    pointer   |
|outStream_TLAST           | out |    1|    axis    | outStream_V_last_V |    pointer   |
|outStream_TID             | out |    5|    axis    |  outStream_V_id_V  |    pointer   |
+--------------------------+-----+-----+------------+--------------------+--------------+

